<?xml version="1.0" encoding="UTF-8"?>
<testng-results ignored="0" total="4" passed="4" failed="0" skipped="0">
  <reporter-output>
  </reporter-output>
  <suite started-at="2022-10-27T18:31:39 GST" name="Suite" finished-at="2022-10-27T18:32:09 GST" duration-ms="30217">
    <groups>
    </groups>
    <test started-at="2022-10-27T18:31:39 GST" name="Test" finished-at="2022-10-27T18:32:09 GST" duration-ms="30217">
      <class name="com.supermarket.tests.ManageLocationTest">
        <test-method is-config="true" signature="createReport(org.testng.ITestContext)[pri:0, instance:com.supermarket.tests.ManageLocationTest@7d322cad]" started-at="2022-10-27T18:31:39 GST" name="createReport" finished-at="2022-10-27T18:31:39 GST" duration-ms="47" status="PASS">
          <params>
            <param index="0">
              <value>
                <![CDATA[org.testng.TestRunner@77663cd7]]>
              </value>
            </param>
          </params>
          <reporter-output>
          </reporter-output>
        </test-method> <!-- createReport -->
        <test-method is-config="true" signature="beforeTest()[pri:0, instance:com.supermarket.tests.ManageLocationTest@7d322cad]" started-at="2022-10-27T18:31:39 GST" name="beforeTest" finished-at="2022-10-27T18:31:39 GST" duration-ms="4" status="PASS">
          <reporter-output>
          </reporter-output>
        </test-method> <!-- beforeTest -->
        <test-method is-config="true" signature="beforeClass(java.lang.String)[pri:0, instance:com.supermarket.tests.ManageLocationTest@7d322cad]" started-at="2022-10-27T18:31:39 GST" name="beforeClass" finished-at="2022-10-27T18:31:53 GST" duration-ms="14088" status="PASS">
          <params>
            <param index="0">
              <value>
                <![CDATA[chrome]]>
              </value>
            </param>
          </params>
          <reporter-output>
          </reporter-output>
        </test-method> <!-- beforeClass -->
        <test-method is-config="true" signature="beforeMethod()[pri:0, instance:com.supermarket.tests.ManageLocationTest@7d322cad]" started-at="2022-10-27T18:31:53 GST" name="beforeMethod" finished-at="2022-10-27T18:31:53 GST" duration-ms="5" status="PASS">
          <reporter-output>
          </reporter-output>
        </test-method> <!-- beforeMethod -->
        <test-method signature="createNewLocation()[pri:0, instance:com.supermarket.tests.ManageLocationTest@7d322cad]" started-at="2022-10-27T18:31:53 GST" name="createNewLocation" description="validate new location created" finished-at="2022-10-27T18:32:01 GST" duration-ms="7818" status="PASS">
          <reporter-output>
          </reporter-output>
        </test-method> <!-- createNewLocation -->
        <test-method is-config="true" signature="afterMethod(org.testng.ITestResult)[pri:0, instance:com.supermarket.tests.ManageLocationTest@7d322cad]" started-at="2022-10-27T18:32:01 GST" name="afterMethod" finished-at="2022-10-27T18:32:01 GST" duration-ms="3" status="PASS">
          <params>
            <param index="0">
              <value>
                <![CDATA[[TestResult name=createNewLocation status=SUCCESS method=ManageLocationTest.createNewLocation()[pri:0, instance:com.supermarket.tests.ManageLocationTest@7d322cad] output={null}]]]>
              </value>
            </param>
          </params>
          <reporter-output>
          </reporter-output>
        </test-method> <!-- afterMethod -->
        <test-method is-config="true" signature="beforeMethod()[pri:0, instance:com.supermarket.tests.ManageLocationTest@7d322cad]" started-at="2022-10-27T18:32:01 GST" name="beforeMethod" finished-at="2022-10-27T18:32:01 GST" duration-ms="14" status="PASS">
          <reporter-output>
          </reporter-output>
        </test-method> <!-- beforeMethod -->
        <test-method signature="editlocationdetails()[pri:1, instance:com.supermarket.tests.ManageLocationTest@7d322cad]" started-at="2022-10-27T18:32:01 GST" name="editlocationdetails" description="Validate edited location" finished-at="2022-10-27T18:32:03 GST" duration-ms="2373" status="PASS">
          <reporter-output>
          </reporter-output>
        </test-method> <!-- editlocationdetails -->
        <test-method is-config="true" signature="afterMethod(org.testng.ITestResult)[pri:0, instance:com.supermarket.tests.ManageLocationTest@7d322cad]" started-at="2022-10-27T18:32:03 GST" name="afterMethod" finished-at="2022-10-27T18:32:03 GST" duration-ms="4" status="PASS">
          <params>
            <param index="0">
              <value>
                <![CDATA[[TestResult name=editlocationdetails status=SUCCESS method=ManageLocationTest.editlocationdetails()[pri:1, instance:com.supermarket.tests.ManageLocationTest@7d322cad] output={null}]]]>
              </value>
            </param>
          </params>
          <reporter-output>
          </reporter-output>
        </test-method> <!-- afterMethod -->
        <test-method is-config="true" signature="beforeMethod()[pri:0, instance:com.supermarket.tests.ManageLocationTest@7d322cad]" started-at="2022-10-27T18:32:03 GST" name="beforeMethod" finished-at="2022-10-27T18:32:03 GST" duration-ms="6" status="PASS">
          <reporter-output>
          </reporter-output>
        </test-method> <!-- beforeMethod -->
        <test-method signature="search()[pri:2, instance:com.supermarket.tests.ManageLocationTest@7d322cad]" started-at="2022-10-27T18:32:03 GST" name="search" description="Validate the search result" finished-at="2022-10-27T18:32:08 GST" duration-ms="4961" status="PASS">
          <reporter-output>
          </reporter-output>
        </test-method> <!-- search -->
        <test-method is-config="true" signature="afterMethod(org.testng.ITestResult)[pri:0, instance:com.supermarket.tests.ManageLocationTest@7d322cad]" started-at="2022-10-27T18:32:08 GST" name="afterMethod" finished-at="2022-10-27T18:32:08 GST" duration-ms="1" status="PASS">
          <params>
            <param index="0">
              <value>
                <![CDATA[[TestResult name=search status=SUCCESS method=ManageLocationTest.search()[pri:2, instance:com.supermarket.tests.ManageLocationTest@7d322cad] output={null}]]]>
              </value>
            </param>
          </params>
          <reporter-output>
          </reporter-output>
        </test-method> <!-- afterMethod -->
        <test-method signature="delete()[pri:3, instance:com.supermarket.tests.ManageLocationTest@7d322cad]" started-at="2022-10-27T18:32:08 GST" name="delete" description="Validate the delete item" finished-at="2022-10-27T18:32:09 GST" duration-ms="810" status="PASS">
          <reporter-output>
          </reporter-output>
        </test-method> <!-- delete -->
        <test-method is-config="true" signature="beforeMethod()[pri:0, instance:com.supermarket.tests.ManageLocationTest@7d322cad]" started-at="2022-10-27T18:32:08 GST" name="beforeMethod" finished-at="2022-10-27T18:32:08 GST" duration-ms="0" status="PASS">
          <reporter-output>
          </reporter-output>
        </test-method> <!-- beforeMethod -->
        <test-method is-config="true" signature="afterMethod(org.testng.ITestResult)[pri:0, instance:com.supermarket.tests.ManageLocationTest@7d322cad]" started-at="2022-10-27T18:32:09 GST" name="afterMethod" finished-at="2022-10-27T18:32:09 GST" duration-ms="0" status="PASS">
          <params>
            <param index="0">
              <value>
                <![CDATA[[TestResult name=delete status=SUCCESS method=ManageLocationTest.delete()[pri:3, instance:com.supermarket.tests.ManageLocationTest@7d322cad] output={null}]]]>
              </value>
            </param>
          </params>
          <reporter-output>
          </reporter-output>
        </test-method> <!-- afterMethod -->
        <test-method is-config="true" signature="afterClass()[pri:0, instance:com.supermarket.tests.ManageLocationTest@7d322cad]" started-at="2022-10-27T18:32:09 GST" name="afterClass" finished-at="2022-10-27T18:32:09 GST" duration-ms="1" status="PASS">
          <reporter-output>
          </reporter-output>
        </test-method> <!-- afterClass -->
        <test-method is-config="true" signature="afterTest()[pri:0, instance:com.supermarket.tests.ManageLocationTest@7d322cad]" started-at="2022-10-27T18:32:09 GST" name="afterTest" finished-at="2022-10-27T18:32:09 GST" duration-ms="3" status="PASS">
          <reporter-output>
          </reporter-output>
        </test-method> <!-- afterTest -->
        <test-method is-config="true" signature="afterSuite()[pri:0, instance:com.supermarket.tests.ManageLocationTest@7d322cad]" started-at="2022-10-27T18:32:10 GST" name="afterSuite" finished-at="2022-10-27T18:32:10 GST" duration-ms="0" status="PASS">
          <reporter-output>
          </reporter-output>
        </test-method> <!-- afterSuite -->
      </class> <!-- com.supermarket.tests.ManageLocationTest -->
    </test> <!-- Test -->
  </suite> <!-- Suite -->
</testng-results>
