<?xml version="1.0" encoding="UTF-8"?>
<!-- Generated by org.testng.reporters.JUnitXMLReporter -->
<testsuite ignored="0" hostname="minnu" failures="0" tests="4" name="Test" time="30.217" errors="0" timestamp="2022-10-27T18:32:10 GST">
  <testcase classname="com.supermarket.tests.ManageLocationTest" name="createNewLocation" time="7.818"/>
  <testcase classname="com.supermarket.tests.ManageLocationTest" name="editlocationdetails" time="2.373"/>
  <testcase classname="com.supermarket.tests.ManageLocationTest" name="search" time="4.961"/>
  <testcase classname="com.supermarket.tests.ManageLocationTest" name="delete" time="0.81"/>
</testsuite> <!-- Test -->
